CRITICAL - 2022-03-15 03:12:19 --> syntax error, unexpected '}'
#0 C:\xampp\htdocs\gudang\system\Router\Router.php(175): CodeIgniter\Router\Router->autoRoute('kategori/index')
#1 C:\xampp\htdocs\gudang\system\CodeIgniter.php(726): CodeIgniter\Router\Router->handle('kategori/index')
#2 C:\xampp\htdocs\gudang\system\CodeIgniter.php(368): CodeIgniter\CodeIgniter->tryToRouteIt(Object(CodeIgniter\Router\RouteCollection))
#3 C:\xampp\htdocs\gudang\system\CodeIgniter.php(326): CodeIgniter\CodeIgniter->handleRequest(NULL, Object(Config\Cache), false)
#4 C:\xampp\htdocs\gudang\public\index.php(37): CodeIgniter\CodeIgniter->run()
#5 C:\xampp\htdocs\gudang\system\Commands\Server\rewrite.php(43): require_once('C:\\xampp\\htdocs...')
#6 {main}
CRITICAL - 2022-03-15 03:13:03 --> syntax error, unexpected '=>' (T_DOUBLE_ARROW)
#0 C:\xampp\htdocs\gudang\system\Router\Router.php(175): CodeIgniter\Router\Router->autoRoute('kategori/index')
#1 C:\xampp\htdocs\gudang\system\CodeIgniter.php(726): CodeIgniter\Router\Router->handle('kategori/index')
#2 C:\xampp\htdocs\gudang\system\CodeIgniter.php(368): CodeIgniter\CodeIgniter->tryToRouteIt(Object(CodeIgniter\Router\RouteCollection))
#3 C:\xampp\htdocs\gudang\system\CodeIgniter.php(326): CodeIgniter\CodeIgniter->handleRequest(NULL, Object(Config\Cache), false)
#4 C:\xampp\htdocs\gudang\public\index.php(37): CodeIgniter\CodeIgniter->run()
#5 C:\xampp\htdocs\gudang\system\Commands\Server\rewrite.php(43): require_once('C:\\xampp\\htdocs...')
#6 {main}
CRITICAL - 2022-03-15 03:13:18 --> Call to undefined function site_urul()
#0 C:\xampp\htdocs\gudang\system\View\View.php(210): include()
#1 C:\xampp\htdocs\gudang\system\View\View.php(213): CodeIgniter\View\View->CodeIgniter\View\{closure}()
#2 C:\xampp\htdocs\gudang\system\Common.php(1089): CodeIgniter\View\View->render('kategori/viewka...', Array, true)
#3 C:\xampp\htdocs\gudang\app\Controllers\Kategori.php(20): view('kategori/viewka...', Array)
#4 C:\xampp\htdocs\gudang\system\CodeIgniter.php(832): App\Controllers\Kategori->index()
#5 C:\xampp\htdocs\gudang\system\CodeIgniter.php(419): CodeIgniter\CodeIgniter->runController(Object(App\Controllers\Kategori))
#6 C:\xampp\htdocs\gudang\system\CodeIgniter.php(326): CodeIgniter\CodeIgniter->handleRequest(NULL, Object(Config\Cache), false)
#7 C:\xampp\htdocs\gudang\public\index.php(37): CodeIgniter\CodeIgniter->run()
#8 C:\xampp\htdocs\gudang\system\Commands\Server\rewrite.php(43): require_once('C:\\xampp\\htdocs...')
#9 {main}
CRITICAL - 2022-03-15 03:17:29 --> Undefined variable: judul
#0 C:\xampp\htdocs\gudang\app\Views\kategori\formtambah.php(4): CodeIgniter\Debug\Exceptions->errorHandler(8, 'Undefined varia...', 'C:\\xampp\\htdocs...', 4, Array)
#1 C:\xampp\htdocs\gudang\system\View\View.php(210): include('C:\\xampp\\htdocs...')
#2 C:\xampp\htdocs\gudang\system\View\View.php(213): CodeIgniter\View\View->CodeIgniter\View\{closure}()
#3 C:\xampp\htdocs\gudang\system\Common.php(1089): CodeIgniter\View\View->render('kategori/formta...', Array, true)
#4 C:\xampp\htdocs\gudang\app\Controllers\Kategori.php(25): view('kategori/formta...')
#5 C:\xampp\htdocs\gudang\system\CodeIgniter.php(832): App\Controllers\Kategori->formtambah()
#6 C:\xampp\htdocs\gudang\system\CodeIgniter.php(419): CodeIgniter\CodeIgniter->runController(Object(App\Controllers\Kategori))
#7 C:\xampp\htdocs\gudang\system\CodeIgniter.php(326): CodeIgniter\CodeIgniter->handleRequest(NULL, Object(Config\Cache), false)
#8 C:\xampp\htdocs\gudang\public\index.php(37): CodeIgniter\CodeIgniter->run()
#9 C:\xampp\htdocs\gudang\system\Commands\Server\rewrite.php(43): require_once('C:\\xampp\\htdocs...')
#10 {main}
CRITICAL - 2022-03-15 05:34:32 --> syntax error, unexpected '}', expecting ';'
#0 C:\xampp\htdocs\gudang\system\Router\Router.php(175): CodeIgniter\Router\Router->autoRoute('kategori/formta...')
#1 C:\xampp\htdocs\gudang\system\CodeIgniter.php(726): CodeIgniter\Router\Router->handle('kategori/formta...')
#2 C:\xampp\htdocs\gudang\system\CodeIgniter.php(368): CodeIgniter\CodeIgniter->tryToRouteIt(Object(CodeIgniter\Router\RouteCollection))
#3 C:\xampp\htdocs\gudang\system\CodeIgniter.php(326): CodeIgniter\CodeIgniter->handleRequest(NULL, Object(Config\Cache), false)
#4 C:\xampp\htdocs\gudang\public\index.php(37): CodeIgniter\CodeIgniter->run()
#5 C:\xampp\htdocs\gudang\system\Commands\Server\rewrite.php(43): require_once('C:\\xampp\\htdocs...')
#6 {main}
CRITICAL - 2022-03-15 05:56:12 --> Trying to get property 'katid' of non-object
#0 C:\xampp\htdocs\gudang\app\Views\kategori\viewkategori.php(40): CodeIgniter\Debug\Exceptions->errorHandler(8, 'Trying to get p...', 'C:\\xampp\\htdocs...', 40, Array)
#1 C:\xampp\htdocs\gudang\system\View\View.php(210): include('C:\\xampp\\htdocs...')
#2 C:\xampp\htdocs\gudang\system\View\View.php(213): CodeIgniter\View\View->CodeIgniter\View\{closure}()
#3 C:\xampp\htdocs\gudang\system\Common.php(1089): CodeIgniter\View\View->render('kategori/viewka...', Array, true)
#4 C:\xampp\htdocs\gudang\app\Controllers\Kategori.php(21): view('kategori/viewka...', Array)
#5 C:\xampp\htdocs\gudang\system\CodeIgniter.php(832): App\Controllers\Kategori->index()
#6 C:\xampp\htdocs\gudang\system\CodeIgniter.php(419): CodeIgniter\CodeIgniter->runController(Object(App\Controllers\Kategori))
#7 C:\xampp\htdocs\gudang\system\CodeIgniter.php(326): CodeIgniter\CodeIgniter->handleRequest(NULL, Object(Config\Cache), false)
#8 C:\xampp\htdocs\gudang\public\index.php(37): CodeIgniter\CodeIgniter->run()
#9 C:\xampp\htdocs\gudang\system\Commands\Server\rewrite.php(43): require_once('C:\\xampp\\htdocs...')
#10 {main}
CRITICAL - 2022-03-15 05:56:44 --> Trying to get property 'katid' of non-object
#0 C:\xampp\htdocs\gudang\app\Views\kategori\viewkategori.php(40): CodeIgniter\Debug\Exceptions->errorHandler(8, 'Trying to get p...', 'C:\\xampp\\htdocs...', 40, Array)
#1 C:\xampp\htdocs\gudang\system\View\View.php(210): include('C:\\xampp\\htdocs...')
#2 C:\xampp\htdocs\gudang\system\View\View.php(213): CodeIgniter\View\View->CodeIgniter\View\{closure}()
#3 C:\xampp\htdocs\gudang\system\Common.php(1089): CodeIgniter\View\View->render('kategori/viewka...', Array, true)
#4 C:\xampp\htdocs\gudang\app\Controllers\Kategori.php(21): view('kategori/viewka...', Array)
#5 C:\xampp\htdocs\gudang\system\CodeIgniter.php(832): App\Controllers\Kategori->index()
#6 C:\xampp\htdocs\gudang\system\CodeIgniter.php(419): CodeIgniter\CodeIgniter->runController(Object(App\Controllers\Kategori))
#7 C:\xampp\htdocs\gudang\system\CodeIgniter.php(326): CodeIgniter\CodeIgniter->handleRequest(NULL, Object(Config\Cache), false)
#8 C:\xampp\htdocs\gudang\public\index.php(37): CodeIgniter\CodeIgniter->run()
#9 C:\xampp\htdocs\gudang\system\Commands\Server\rewrite.php(43): require_once('C:\\xampp\\htdocs...')
#10 {main}
CRITICAL - 2022-03-15 05:57:08 --> Trying to get property 'katnama' of non-object
#0 C:\xampp\htdocs\gudang\app\Views\kategori\viewkategori.php(41): CodeIgniter\Debug\Exceptions->errorHandler(8, 'Trying to get p...', 'C:\\xampp\\htdocs...', 41, Array)
#1 C:\xampp\htdocs\gudang\system\View\View.php(210): include('C:\\xampp\\htdocs...')
#2 C:\xampp\htdocs\gudang\system\View\View.php(213): CodeIgniter\View\View->CodeIgniter\View\{closure}()
#3 C:\xampp\htdocs\gudang\system\Common.php(1089): CodeIgniter\View\View->render('kategori/viewka...', Array, true)
#4 C:\xampp\htdocs\gudang\app\Controllers\Kategori.php(21): view('kategori/viewka...', Array)
#5 C:\xampp\htdocs\gudang\system\CodeIgniter.php(832): App\Controllers\Kategori->index()
#6 C:\xampp\htdocs\gudang\system\CodeIgniter.php(419): CodeIgniter\CodeIgniter->runController(Object(App\Controllers\Kategori))
#7 C:\xampp\htdocs\gudang\system\CodeIgniter.php(326): CodeIgniter\CodeIgniter->handleRequest(NULL, Object(Config\Cache), false)
#8 C:\xampp\htdocs\gudang\public\index.php(37): CodeIgniter\CodeIgniter->run()
#9 C:\xampp\htdocs\gudang\system\Commands\Server\rewrite.php(43): require_once('C:\\xampp\\htdocs...')
#10 {main}
CRITICAL - 2022-03-15 05:58:19 --> Trying to get property 'katid' of non-object
#0 C:\xampp\htdocs\gudang\app\Views\kategori\viewkategori.php(40): CodeIgniter\Debug\Exceptions->errorHandler(8, 'Trying to get p...', 'C:\\xampp\\htdocs...', 40, Array)
#1 C:\xampp\htdocs\gudang\system\View\View.php(210): include('C:\\xampp\\htdocs...')
#2 C:\xampp\htdocs\gudang\system\View\View.php(213): CodeIgniter\View\View->CodeIgniter\View\{closure}()
#3 C:\xampp\htdocs\gudang\system\Common.php(1089): CodeIgniter\View\View->render('kategori/viewka...', Array, true)
#4 C:\xampp\htdocs\gudang\app\Controllers\Kategori.php(21): view('kategori/viewka...', Array)
#5 C:\xampp\htdocs\gudang\system\CodeIgniter.php(832): App\Controllers\Kategori->index()
#6 C:\xampp\htdocs\gudang\system\CodeIgniter.php(419): CodeIgniter\CodeIgniter->runController(Object(App\Controllers\Kategori))
#7 C:\xampp\htdocs\gudang\system\CodeIgniter.php(326): CodeIgniter\CodeIgniter->handleRequest(NULL, Object(Config\Cache), false)
#8 C:\xampp\htdocs\gudang\public\index.php(37): CodeIgniter\CodeIgniter->run()
#9 C:\xampp\htdocs\gudang\system\Commands\Server\rewrite.php(43): require_once('C:\\xampp\\htdocs...')
#10 {main}
CRITICAL - 2022-03-15 07:10:30 --> Trying to get property 'katid' of non-object
#0 C:\xampp\htdocs\gudang\app\Views\kategori\viewkategori.php(40): CodeIgniter\Debug\Exceptions->errorHandler(8, 'Trying to get p...', 'C:\\xampp\\htdocs...', 40, Array)
#1 C:\xampp\htdocs\gudang\system\View\View.php(210): include('C:\\xampp\\htdocs...')
#2 C:\xampp\htdocs\gudang\system\View\View.php(213): CodeIgniter\View\View->CodeIgniter\View\{closure}()
#3 C:\xampp\htdocs\gudang\system\Common.php(1089): CodeIgniter\View\View->render('kategori/viewka...', Array, true)
#4 C:\xampp\htdocs\gudang\app\Controllers\Kategori.php(21): view('kategori/viewka...', Array)
#5 C:\xampp\htdocs\gudang\system\CodeIgniter.php(832): App\Controllers\Kategori->index()
#6 C:\xampp\htdocs\gudang\system\CodeIgniter.php(419): CodeIgniter\CodeIgniter->runController(Object(App\Controllers\Kategori))
#7 C:\xampp\htdocs\gudang\system\CodeIgniter.php(326): CodeIgniter\CodeIgniter->handleRequest(NULL, Object(Config\Cache), false)
#8 C:\xampp\htdocs\gudang\public\index.php(37): CodeIgniter\CodeIgniter->run()
#9 C:\xampp\htdocs\gudang\system\Commands\Server\rewrite.php(43): require_once('C:\\xampp\\htdocs...')
#10 {main}
CRITICAL - 2022-03-15 08:05:31 --> syntax error, unexpected '=', expecting ']'
#0 C:\xampp\htdocs\gudang\system\Router\Router.php(175): CodeIgniter\Router\Router->autoRoute('kategori')
#1 C:\xampp\htdocs\gudang\system\CodeIgniter.php(726): CodeIgniter\Router\Router->handle('kategori')
#2 C:\xampp\htdocs\gudang\system\CodeIgniter.php(368): CodeIgniter\CodeIgniter->tryToRouteIt(Object(CodeIgniter\Router\RouteCollection))
#3 C:\xampp\htdocs\gudang\system\CodeIgniter.php(326): CodeIgniter\CodeIgniter->handleRequest(NULL, Object(Config\Cache), false)
#4 C:\xampp\htdocs\gudang\public\index.php(37): CodeIgniter\CodeIgniter->run()
#5 C:\xampp\htdocs\gudang\system\Commands\Server\rewrite.php(43): require_once('C:\\xampp\\htdocs...')
#6 {main}
CRITICAL - 2022-03-15 08:06:14 --> Undefined variable: judul
#0 C:\xampp\htdocs\gudang\app\Views\kategori\formedit.php(4): CodeIgniter\Debug\Exceptions->errorHandler(8, 'Undefined varia...', 'C:\\xampp\\htdocs...', 4, Array)
#1 C:\xampp\htdocs\gudang\system\View\View.php(210): include('C:\\xampp\\htdocs...')
#2 C:\xampp\htdocs\gudang\system\View\View.php(213): CodeIgniter\View\View->CodeIgniter\View\{closure}()
#3 C:\xampp\htdocs\gudang\system\Common.php(1089): CodeIgniter\View\View->render('kategori/formed...', Array, true)
#4 C:\xampp\htdocs\gudang\app\Controllers\Kategori.php(82): view('kategori/formed...', Array)
#5 C:\xampp\htdocs\gudang\system\CodeIgniter.php(832): App\Controllers\Kategori->formedit('5')
#6 C:\xampp\htdocs\gudang\system\CodeIgniter.php(419): CodeIgniter\CodeIgniter->runController(Object(App\Controllers\Kategori))
#7 C:\xampp\htdocs\gudang\system\CodeIgniter.php(326): CodeIgniter\CodeIgniter->handleRequest(NULL, Object(Config\Cache), false)
#8 C:\xampp\htdocs\gudang\public\index.php(37): CodeIgniter\CodeIgniter->run()
#9 C:\xampp\htdocs\gudang\system\Commands\Server\rewrite.php(43): require_once('C:\\xampp\\htdocs...')
#10 {main}
CRITICAL - 2022-03-15 08:06:58 --> Undefined variable: judul
#0 C:\xampp\htdocs\gudang\app\Views\kategori\formedit.php(4): CodeIgniter\Debug\Exceptions->errorHandler(8, 'Undefined varia...', 'C:\\xampp\\htdocs...', 4, Array)
#1 C:\xampp\htdocs\gudang\system\View\View.php(210): include('C:\\xampp\\htdocs...')
#2 C:\xampp\htdocs\gudang\system\View\View.php(213): CodeIgniter\View\View->CodeIgniter\View\{closure}()
#3 C:\xampp\htdocs\gudang\system\Common.php(1089): CodeIgniter\View\View->render('kategori/formed...', Array, true)
#4 C:\xampp\htdocs\gudang\app\Controllers\Kategori.php(82): view('kategori/formed...', Array)
#5 C:\xampp\htdocs\gudang\system\CodeIgniter.php(832): App\Controllers\Kategori->formedit('1')
#6 C:\xampp\htdocs\gudang\system\CodeIgniter.php(419): CodeIgniter\CodeIgniter->runController(Object(App\Controllers\Kategori))
#7 C:\xampp\htdocs\gudang\system\CodeIgniter.php(326): CodeIgniter\CodeIgniter->handleRequest(NULL, Object(Config\Cache), false)
#8 C:\xampp\htdocs\gudang\public\index.php(37): CodeIgniter\CodeIgniter->run()
#9 C:\xampp\htdocs\gudang\system\Commands\Server\rewrite.php(43): require_once('C:\\xampp\\htdocs...')
#10 {main}
CRITICAL - 2022-03-15 08:07:22 --> Undefined variable: judul
#0 C:\xampp\htdocs\gudang\app\Views\kategori\formedit.php(4): CodeIgniter\Debug\Exceptions->errorHandler(8, 'Undefined varia...', 'C:\\xampp\\htdocs...', 4, Array)
#1 C:\xampp\htdocs\gudang\system\View\View.php(210): include('C:\\xampp\\htdocs...')
#2 C:\xampp\htdocs\gudang\system\View\View.php(213): CodeIgniter\View\View->CodeIgniter\View\{closure}()
#3 C:\xampp\htdocs\gudang\system\Common.php(1089): CodeIgniter\View\View->render('kategori/formed...', Array, true)
#4 C:\xampp\htdocs\gudang\app\Controllers\Kategori.php(82): view('kategori/formed...', Array)
#5 C:\xampp\htdocs\gudang\system\CodeIgniter.php(832): App\Controllers\Kategori->formedit('1')
#6 C:\xampp\htdocs\gudang\system\CodeIgniter.php(419): CodeIgniter\CodeIgniter->runController(Object(App\Controllers\Kategori))
#7 C:\xampp\htdocs\gudang\system\CodeIgniter.php(326): CodeIgniter\CodeIgniter->handleRequest(NULL, Object(Config\Cache), false)
#8 C:\xampp\htdocs\gudang\public\index.php(37): CodeIgniter\CodeIgniter->run()
#9 C:\xampp\htdocs\gudang\system\Commands\Server\rewrite.php(43): require_once('C:\\xampp\\htdocs...')
#10 {main}
CRITICAL - 2022-03-15 08:07:24 --> Undefined variable: judul
#0 C:\xampp\htdocs\gudang\app\Views\kategori\formedit.php(4): CodeIgniter\Debug\Exceptions->errorHandler(8, 'Undefined varia...', 'C:\\xampp\\htdocs...', 4, Array)
#1 C:\xampp\htdocs\gudang\system\View\View.php(210): include('C:\\xampp\\htdocs...')
#2 C:\xampp\htdocs\gudang\system\View\View.php(213): CodeIgniter\View\View->CodeIgniter\View\{closure}()
#3 C:\xampp\htdocs\gudang\system\Common.php(1089): CodeIgniter\View\View->render('kategori/formed...', Array, true)
#4 C:\xampp\htdocs\gudang\app\Controllers\Kategori.php(82): view('kategori/formed...', Array)
#5 C:\xampp\htdocs\gudang\system\CodeIgniter.php(832): App\Controllers\Kategori->formedit('1')
#6 C:\xampp\htdocs\gudang\system\CodeIgniter.php(419): CodeIgniter\CodeIgniter->runController(Object(App\Controllers\Kategori))
#7 C:\xampp\htdocs\gudang\system\CodeIgniter.php(326): CodeIgniter\CodeIgniter->handleRequest(NULL, Object(Config\Cache), false)
#8 C:\xampp\htdocs\gudang\public\index.php(37): CodeIgniter\CodeIgniter->run()
#9 C:\xampp\htdocs\gudang\system\Commands\Server\rewrite.php(43): require_once('C:\\xampp\\htdocs...')
#10 {main}
CRITICAL - 2022-03-15 08:08:26 --> Undefined variable: judul
#0 C:\xampp\htdocs\gudang\app\Views\kategori\formedit.php(4): CodeIgniter\Debug\Exceptions->errorHandler(8, 'Undefined varia...', 'C:\\xampp\\htdocs...', 4, Array)
#1 C:\xampp\htdocs\gudang\system\View\View.php(210): include('C:\\xampp\\htdocs...')
#2 C:\xampp\htdocs\gudang\system\View\View.php(213): CodeIgniter\View\View->CodeIgniter\View\{closure}()
#3 C:\xampp\htdocs\gudang\system\Common.php(1089): CodeIgniter\View\View->render('kategori/formed...', Array, true)
#4 C:\xampp\htdocs\gudang\app\Controllers\Kategori.php(83): view('kategori/formed...', Array)
#5 C:\xampp\htdocs\gudang\system\CodeIgniter.php(832): App\Controllers\Kategori->formedit('1')
#6 C:\xampp\htdocs\gudang\system\CodeIgniter.php(419): CodeIgniter\CodeIgniter->runController(Object(App\Controllers\Kategori))
#7 C:\xampp\htdocs\gudang\system\CodeIgniter.php(326): CodeIgniter\CodeIgniter->handleRequest(NULL, Object(Config\Cache), false)
#8 C:\xampp\htdocs\gudang\public\index.php(37): CodeIgniter\CodeIgniter->run()
#9 C:\xampp\htdocs\gudang\system\Commands\Server\rewrite.php(43): require_once('C:\\xampp\\htdocs...')
#10 {main}
CRITICAL - 2022-03-15 08:08:28 --> Undefined variable: judul
#0 C:\xampp\htdocs\gudang\app\Views\kategori\formedit.php(4): CodeIgniter\Debug\Exceptions->errorHandler(8, 'Undefined varia...', 'C:\\xampp\\htdocs...', 4, Array)
#1 C:\xampp\htdocs\gudang\system\View\View.php(210): include('C:\\xampp\\htdocs...')
#2 C:\xampp\htdocs\gudang\system\View\View.php(213): CodeIgniter\View\View->CodeIgniter\View\{closure}()
#3 C:\xampp\htdocs\gudang\system\Common.php(1089): CodeIgniter\View\View->render('kategori/formed...', Array, true)
#4 C:\xampp\htdocs\gudang\app\Controllers\Kategori.php(83): view('kategori/formed...', Array)
#5 C:\xampp\htdocs\gudang\system\CodeIgniter.php(832): App\Controllers\Kategori->formedit('1')
#6 C:\xampp\htdocs\gudang\system\CodeIgniter.php(419): CodeIgniter\CodeIgniter->runController(Object(App\Controllers\Kategori))
#7 C:\xampp\htdocs\gudang\system\CodeIgniter.php(326): CodeIgniter\CodeIgniter->handleRequest(NULL, Object(Config\Cache), false)
#8 C:\xampp\htdocs\gudang\public\index.php(37): CodeIgniter\CodeIgniter->run()
#9 C:\xampp\htdocs\gudang\system\Commands\Server\rewrite.php(43): require_once('C:\\xampp\\htdocs...')
#10 {main}
CRITICAL - 2022-03-15 08:08:30 --> Undefined variable: judul
#0 C:\xampp\htdocs\gudang\app\Views\kategori\formedit.php(4): CodeIgniter\Debug\Exceptions->errorHandler(8, 'Undefined varia...', 'C:\\xampp\\htdocs...', 4, Array)
#1 C:\xampp\htdocs\gudang\system\View\View.php(210): include('C:\\xampp\\htdocs...')
#2 C:\xampp\htdocs\gudang\system\View\View.php(213): CodeIgniter\View\View->CodeIgniter\View\{closure}()
#3 C:\xampp\htdocs\gudang\system\Common.php(1089): CodeIgniter\View\View->render('kategori/formed...', Array, true)
#4 C:\xampp\htdocs\gudang\app\Controllers\Kategori.php(83): view('kategori/formed...', Array)
#5 C:\xampp\htdocs\gudang\system\CodeIgniter.php(832): App\Controllers\Kategori->formedit('1')
#6 C:\xampp\htdocs\gudang\system\CodeIgniter.php(419): CodeIgniter\CodeIgniter->runController(Object(App\Controllers\Kategori))
#7 C:\xampp\htdocs\gudang\system\CodeIgniter.php(326): CodeIgniter\CodeIgniter->handleRequest(NULL, Object(Config\Cache), false)
#8 C:\xampp\htdocs\gudang\public\index.php(37): CodeIgniter\CodeIgniter->run()
#9 C:\xampp\htdocs\gudang\system\Commands\Server\rewrite.php(43): require_once('C:\\xampp\\htdocs...')
#10 {main}
CRITICAL - 2022-03-15 08:08:31 --> Undefined variable: judul
#0 C:\xampp\htdocs\gudang\app\Views\kategori\formedit.php(4): CodeIgniter\Debug\Exceptions->errorHandler(8, 'Undefined varia...', 'C:\\xampp\\htdocs...', 4, Array)
#1 C:\xampp\htdocs\gudang\system\View\View.php(210): include('C:\\xampp\\htdocs...')
#2 C:\xampp\htdocs\gudang\system\View\View.php(213): CodeIgniter\View\View->CodeIgniter\View\{closure}()
#3 C:\xampp\htdocs\gudang\system\Common.php(1089): CodeIgniter\View\View->render('kategori/formed...', Array, true)
#4 C:\xampp\htdocs\gudang\app\Controllers\Kategori.php(83): view('kategori/formed...', Array)
#5 C:\xampp\htdocs\gudang\system\CodeIgniter.php(832): App\Controllers\Kategori->formedit('1')
#6 C:\xampp\htdocs\gudang\system\CodeIgniter.php(419): CodeIgniter\CodeIgniter->runController(Object(App\Controllers\Kategori))
#7 C:\xampp\htdocs\gudang\system\CodeIgniter.php(326): CodeIgniter\CodeIgniter->handleRequest(NULL, Object(Config\Cache), false)
#8 C:\xampp\htdocs\gudang\public\index.php(37): CodeIgniter\CodeIgniter->run()
#9 C:\xampp\htdocs\gudang\system\Commands\Server\rewrite.php(43): require_once('C:\\xampp\\htdocs...')
#10 {main}
CRITICAL - 2022-03-15 08:08:32 --> Undefined variable: judul
#0 C:\xampp\htdocs\gudang\app\Views\kategori\formedit.php(4): CodeIgniter\Debug\Exceptions->errorHandler(8, 'Undefined varia...', 'C:\\xampp\\htdocs...', 4, Array)
#1 C:\xampp\htdocs\gudang\system\View\View.php(210): include('C:\\xampp\\htdocs...')
#2 C:\xampp\htdocs\gudang\system\View\View.php(213): CodeIgniter\View\View->CodeIgniter\View\{closure}()
#3 C:\xampp\htdocs\gudang\system\Common.php(1089): CodeIgniter\View\View->render('kategori/formed...', Array, true)
#4 C:\xampp\htdocs\gudang\app\Controllers\Kategori.php(83): view('kategori/formed...', Array)
#5 C:\xampp\htdocs\gudang\system\CodeIgniter.php(832): App\Controllers\Kategori->formedit('1')
#6 C:\xampp\htdocs\gudang\system\CodeIgniter.php(419): CodeIgniter\CodeIgniter->runController(Object(App\Controllers\Kategori))
#7 C:\xampp\htdocs\gudang\system\CodeIgniter.php(326): CodeIgniter\CodeIgniter->handleRequest(NULL, Object(Config\Cache), false)
#8 C:\xampp\htdocs\gudang\public\index.php(37): CodeIgniter\CodeIgniter->run()
#9 C:\xampp\htdocs\gudang\system\Commands\Server\rewrite.php(43): require_once('C:\\xampp\\htdocs...')
#10 {main}
CRITICAL - 2022-03-15 22:13:23 --> Undefined property: App\Controllers\Kategori::$pager
#0 C:\xampp\htdocs\gudang\app\Controllers\Kategori.php(22): CodeIgniter\Debug\Exceptions->errorHandler(8, 'Undefined prope...', 'C:\\xampp\\htdocs...', 22, Array)
#1 C:\xampp\htdocs\gudang\system\CodeIgniter.php(832): App\Controllers\Kategori->index()
#2 C:\xampp\htdocs\gudang\system\CodeIgniter.php(419): CodeIgniter\CodeIgniter->runController(Object(App\Controllers\Kategori))
#3 C:\xampp\htdocs\gudang\system\CodeIgniter.php(326): CodeIgniter\CodeIgniter->handleRequest(NULL, Object(Config\Cache), false)
#4 C:\xampp\htdocs\gudang\public\index.php(37): CodeIgniter\CodeIgniter->run()
#5 C:\xampp\htdocs\gudang\system\Commands\Server\rewrite.php(43): require_once('C:\\xampp\\htdocs...')
#6 {main}
CRITICAL - 2022-03-15 22:14:38 --> Undefined variable: judul
#0 C:\xampp\htdocs\gudang\app\Views\kategori\viewkategori.php(4): CodeIgniter\Debug\Exceptions->errorHandler(8, 'Undefined varia...', 'C:\\xampp\\htdocs...', 4, Array)
#1 C:\xampp\htdocs\gudang\system\View\View.php(210): include('C:\\xampp\\htdocs...')
#2 C:\xampp\htdocs\gudang\system\View\View.php(213): CodeIgniter\View\View->CodeIgniter\View\{closure}()
#3 C:\xampp\htdocs\gudang\system\Common.php(1089): CodeIgniter\View\View->render('kategori/viewka...', Array, true)
#4 C:\xampp\htdocs\gudang\app\Controllers\Kategori.php(24): view('kategori/viewka...', Array)
#5 C:\xampp\htdocs\gudang\system\CodeIgniter.php(832): App\Controllers\Kategori->index()
#6 C:\xampp\htdocs\gudang\system\CodeIgniter.php(419): CodeIgniter\CodeIgniter->runController(Object(App\Controllers\Kategori))
#7 C:\xampp\htdocs\gudang\system\CodeIgniter.php(326): CodeIgniter\CodeIgniter->handleRequest(NULL, Object(Config\Cache), false)
#8 C:\xampp\htdocs\gudang\public\index.php(37): CodeIgniter\CodeIgniter->run()
#9 C:\xampp\htdocs\gudang\system\Commands\Server\rewrite.php(43): require_once('C:\\xampp\\htdocs...')
#10 {main}
CRITICAL - 2022-03-15 22:15:17 --> Call to undefined method CodeIgniter\Pager\Pager::link()
#0 C:\xampp\htdocs\gudang\system\View\View.php(210): include()
#1 C:\xampp\htdocs\gudang\system\View\View.php(213): CodeIgniter\View\View->CodeIgniter\View\{closure}()
#2 C:\xampp\htdocs\gudang\system\Common.php(1089): CodeIgniter\View\View->render('kategori/viewka...', Array, true)
#3 C:\xampp\htdocs\gudang\app\Controllers\Kategori.php(24): view('kategori/viewka...', Array)
#4 C:\xampp\htdocs\gudang\system\CodeIgniter.php(832): App\Controllers\Kategori->index()
#5 C:\xampp\htdocs\gudang\system\CodeIgniter.php(419): CodeIgniter\CodeIgniter->runController(Object(App\Controllers\Kategori))
#6 C:\xampp\htdocs\gudang\system\CodeIgniter.php(326): CodeIgniter\CodeIgniter->handleRequest(NULL, Object(Config\Cache), false)
#7 C:\xampp\htdocs\gudang\public\index.php(37): CodeIgniter\CodeIgniter->run()
#8 C:\xampp\htdocs\gudang\system\Commands\Server\rewrite.php(43): require_once('C:\\xampp\\htdocs...')
#9 {main}
CRITICAL - 2022-03-15 22:15:58 --> Call to undefined method CodeIgniter\Pager\Pager::link()
#0 C:\xampp\htdocs\gudang\system\View\View.php(210): include()
#1 C:\xampp\htdocs\gudang\system\View\View.php(213): CodeIgniter\View\View->CodeIgniter\View\{closure}()
#2 C:\xampp\htdocs\gudang\system\Common.php(1089): CodeIgniter\View\View->render('kategori/viewka...', Array, true)
#3 C:\xampp\htdocs\gudang\app\Controllers\Kategori.php(24): view('kategori/viewka...', Array)
#4 C:\xampp\htdocs\gudang\system\CodeIgniter.php(832): App\Controllers\Kategori->index()
#5 C:\xampp\htdocs\gudang\system\CodeIgniter.php(419): CodeIgniter\CodeIgniter->runController(Object(App\Controllers\Kategori))
#6 C:\xampp\htdocs\gudang\system\CodeIgniter.php(326): CodeIgniter\CodeIgniter->handleRequest(NULL, Object(Config\Cache), false)
#7 C:\xampp\htdocs\gudang\public\index.php(37): CodeIgniter\CodeIgniter->run()
#8 C:\xampp\htdocs\gudang\system\Commands\Server\rewrite.php(43): require_once('C:\\xampp\\htdocs...')
#9 {main}
CRITICAL - 2022-03-15 22:46:22 --> Call to a member function paginate() on array
#0 C:\xampp\htdocs\gudang\system\CodeIgniter.php(832): App\Controllers\Kategori->index()
#1 C:\xampp\htdocs\gudang\system\CodeIgniter.php(419): CodeIgniter\CodeIgniter->runController(Object(App\Controllers\Kategori))
#2 C:\xampp\htdocs\gudang\system\CodeIgniter.php(326): CodeIgniter\CodeIgniter->handleRequest(NULL, Object(Config\Cache), false)
#3 C:\xampp\htdocs\gudang\public\index.php(37): CodeIgniter\CodeIgniter->run()
#4 C:\xampp\htdocs\gudang\system\Commands\Server\rewrite.php(43): require_once('C:\\xampp\\htdocs...')
#5 {main}
CRITICAL - 2022-03-15 22:47:52 --> syntax error, unexpected '->' (T_OBJECT_OPERATOR), expecting identifier (T_STRING) or variable (T_VARIABLE) or '{' or '$'
#0 C:\xampp\htdocs\gudang\system\Router\Router.php(175): CodeIgniter\Router\Router->autoRoute('kategori/index')
#1 C:\xampp\htdocs\gudang\system\CodeIgniter.php(726): CodeIgniter\Router\Router->handle('kategori/index')
#2 C:\xampp\htdocs\gudang\system\CodeIgniter.php(368): CodeIgniter\CodeIgniter->tryToRouteIt(Object(CodeIgniter\Router\RouteCollection))
#3 C:\xampp\htdocs\gudang\system\CodeIgniter.php(326): CodeIgniter\CodeIgniter->handleRequest(NULL, Object(Config\Cache), false)
#4 C:\xampp\htdocs\gudang\public\index.php(37): CodeIgniter\CodeIgniter->run()
#5 C:\xampp\htdocs\gudang\system\Commands\Server\rewrite.php(43): require_once('C:\\xampp\\htdocs...')
#6 {main}
CRITICAL - 2022-03-15 22:51:26 --> syntax error, unexpected '?>'
#0 C:\xampp\htdocs\gudang\system\View\View.php(213): CodeIgniter\View\View->CodeIgniter\View\{closure}()
#1 C:\xampp\htdocs\gudang\system\Common.php(1089): CodeIgniter\View\View->render('kategori/viewka...', Array, true)
#2 C:\xampp\htdocs\gudang\app\Controllers\Kategori.php(38): view('kategori/viewka...', Array)
#3 C:\xampp\htdocs\gudang\system\CodeIgniter.php(832): App\Controllers\Kategori->index()
#4 C:\xampp\htdocs\gudang\system\CodeIgniter.php(419): CodeIgniter\CodeIgniter->runController(Object(App\Controllers\Kategori))
#5 C:\xampp\htdocs\gudang\system\CodeIgniter.php(326): CodeIgniter\CodeIgniter->handleRequest(NULL, Object(Config\Cache), false)
#6 C:\xampp\htdocs\gudang\public\index.php(37): CodeIgniter\CodeIgniter->run()
#7 C:\xampp\htdocs\gudang\system\Commands\Server\rewrite.php(43): require_once('C:\\xampp\\htdocs...')
#8 {main}
CRITICAL - 2022-03-15 22:53:46 --> syntax error, unexpected '?>'
#0 C:\xampp\htdocs\gudang\system\View\View.php(213): CodeIgniter\View\View->CodeIgniter\View\{closure}()
#1 C:\xampp\htdocs\gudang\system\Common.php(1089): CodeIgniter\View\View->render('kategori/viewka...', Array, true)
#2 C:\xampp\htdocs\gudang\app\Controllers\Kategori.php(38): view('kategori/viewka...', Array)
#3 C:\xampp\htdocs\gudang\system\CodeIgniter.php(832): App\Controllers\Kategori->index()
#4 C:\xampp\htdocs\gudang\system\CodeIgniter.php(419): CodeIgniter\CodeIgniter->runController(Object(App\Controllers\Kategori))
#5 C:\xampp\htdocs\gudang\system\CodeIgniter.php(326): CodeIgniter\CodeIgniter->handleRequest(NULL, Object(Config\Cache), false)
#6 C:\xampp\htdocs\gudang\public\index.php(37): CodeIgniter\CodeIgniter->run()
#7 C:\xampp\htdocs\gudang\system\Commands\Server\rewrite.php(43): require_once('C:\\xampp\\htdocs...')
#8 {main}
CRITICAL - 2022-03-15 22:54:18 --> syntax error, unexpected '?>'
#0 C:\xampp\htdocs\gudang\system\View\View.php(213): CodeIgniter\View\View->CodeIgniter\View\{closure}()
#1 C:\xampp\htdocs\gudang\system\Common.php(1089): CodeIgniter\View\View->render('kategori/viewka...', Array, true)
#2 C:\xampp\htdocs\gudang\app\Controllers\Kategori.php(38): view('kategori/viewka...', Array)
#3 C:\xampp\htdocs\gudang\system\CodeIgniter.php(832): App\Controllers\Kategori->index()
#4 C:\xampp\htdocs\gudang\system\CodeIgniter.php(419): CodeIgniter\CodeIgniter->runController(Object(App\Controllers\Kategori))
#5 C:\xampp\htdocs\gudang\system\CodeIgniter.php(326): CodeIgniter\CodeIgniter->handleRequest(NULL, Object(Config\Cache), false)
#6 C:\xampp\htdocs\gudang\public\index.php(37): CodeIgniter\CodeIgniter->run()
#7 C:\xampp\htdocs\gudang\system\Commands\Server\rewrite.php(43): require_once('C:\\xampp\\htdocs...')
#8 {main}
CRITICAL - 2022-03-15 22:54:55 --> syntax error, unexpected '?>'
#0 C:\xampp\htdocs\gudang\system\View\View.php(213): CodeIgniter\View\View->CodeIgniter\View\{closure}()
#1 C:\xampp\htdocs\gudang\system\Common.php(1089): CodeIgniter\View\View->render('kategori/viewka...', Array, true)
#2 C:\xampp\htdocs\gudang\app\Controllers\Kategori.php(38): view('kategori/viewka...', Array)
#3 C:\xampp\htdocs\gudang\system\CodeIgniter.php(832): App\Controllers\Kategori->index()
#4 C:\xampp\htdocs\gudang\system\CodeIgniter.php(419): CodeIgniter\CodeIgniter->runController(Object(App\Controllers\Kategori))
#5 C:\xampp\htdocs\gudang\system\CodeIgniter.php(326): CodeIgniter\CodeIgniter->handleRequest(NULL, Object(Config\Cache), false)
#6 C:\xampp\htdocs\gudang\public\index.php(37): CodeIgniter\CodeIgniter->run()
#7 C:\xampp\htdocs\gudang\system\Commands\Server\rewrite.php(43): require_once('C:\\xampp\\htdocs...')
#8 {main}
CRITICAL - 2022-03-15 22:57:51 --> Undefined variable: nohalaman
#0 C:\xampp\htdocs\gudang\app\Views\kategori\viewkategori.php(49): CodeIgniter\Debug\Exceptions->errorHandler(8, 'Undefined varia...', 'C:\\xampp\\htdocs...', 49, Array)
#1 C:\xampp\htdocs\gudang\system\View\View.php(210): include('C:\\xampp\\htdocs...')
#2 C:\xampp\htdocs\gudang\system\View\View.php(213): CodeIgniter\View\View->CodeIgniter\View\{closure}()
#3 C:\xampp\htdocs\gudang\system\Common.php(1089): CodeIgniter\View\View->render('kategori/viewka...', Array, true)
#4 C:\xampp\htdocs\gudang\app\Controllers\Kategori.php(43): view('kategori/viewka...', Array)
#5 C:\xampp\htdocs\gudang\system\CodeIgniter.php(832): App\Controllers\Kategori->index()
#6 C:\xampp\htdocs\gudang\system\CodeIgniter.php(419): CodeIgniter\CodeIgniter->runController(Object(App\Controllers\Kategori))
#7 C:\xampp\htdocs\gudang\system\CodeIgniter.php(326): CodeIgniter\CodeIgniter->handleRequest(NULL, Object(Config\Cache), false)
#8 C:\xampp\htdocs\gudang\public\index.php(37): CodeIgniter\CodeIgniter->run()
#9 C:\xampp\htdocs\gudang\system\Commands\Server\rewrite.php(43): require_once('C:\\xampp\\htdocs...')
#10 {main}
CRITICAL - 2022-03-15 23:03:07 --> Undefined property: App\Controllers\Satuan::$satuan
#0 C:\xampp\htdocs\gudang\app\Controllers\Satuan.php(14): CodeIgniter\Debug\Exceptions->errorHandler(8, 'Undefined prope...', 'C:\\xampp\\htdocs...', 14, Array)
#1 C:\xampp\htdocs\gudang\system\CodeIgniter.php(832): App\Controllers\Satuan->index()
#2 C:\xampp\htdocs\gudang\system\CodeIgniter.php(419): CodeIgniter\CodeIgniter->runController(Object(App\Controllers\Satuan))
#3 C:\xampp\htdocs\gudang\system\CodeIgniter.php(326): CodeIgniter\CodeIgniter->handleRequest(NULL, Object(Config\Cache), false)
#4 C:\xampp\htdocs\gudang\public\index.php(37): CodeIgniter\CodeIgniter->run()
#5 C:\xampp\htdocs\gudang\system\Commands\Server\rewrite.php(43): require_once('C:\\xampp\\htdocs...')
#6 {main}
CRITICAL - 2022-03-15 23:04:11 --> Undefined property: App\Controllers\Satuan::$satuan
#0 C:\xampp\htdocs\gudang\app\Controllers\Satuan.php(14): CodeIgniter\Debug\Exceptions->errorHandler(8, 'Undefined prope...', 'C:\\xampp\\htdocs...', 14, Array)
#1 C:\xampp\htdocs\gudang\system\CodeIgniter.php(832): App\Controllers\Satuan->index()
#2 C:\xampp\htdocs\gudang\system\CodeIgniter.php(419): CodeIgniter\CodeIgniter->runController(Object(App\Controllers\Satuan))
#3 C:\xampp\htdocs\gudang\system\CodeIgniter.php(326): CodeIgniter\CodeIgniter->handleRequest(NULL, Object(Config\Cache), false)
#4 C:\xampp\htdocs\gudang\public\index.php(37): CodeIgniter\CodeIgniter->run()
#5 C:\xampp\htdocs\gudang\system\Commands\Server\rewrite.php(43): require_once('C:\\xampp\\htdocs...')
#6 {main}
CRITICAL - 2022-03-15 23:06:58 --> syntax error, unexpected '}'
#0 C:\xampp\htdocs\gudang\system\Router\Router.php(175): CodeIgniter\Router\Router->autoRoute('satuan/index')
#1 C:\xampp\htdocs\gudang\system\CodeIgniter.php(726): CodeIgniter\Router\Router->handle('satuan/index')
#2 C:\xampp\htdocs\gudang\system\CodeIgniter.php(368): CodeIgniter\CodeIgniter->tryToRouteIt(Object(CodeIgniter\Router\RouteCollection))
#3 C:\xampp\htdocs\gudang\system\CodeIgniter.php(326): CodeIgniter\CodeIgniter->handleRequest(NULL, Object(Config\Cache), false)
#4 C:\xampp\htdocs\gudang\public\index.php(37): CodeIgniter\CodeIgniter->run()
#5 C:\xampp\htdocs\gudang\system\Commands\Server\rewrite.php(43): require_once('C:\\xampp\\htdocs...')
#6 {main}
