ERROR - 2022-04-18 11:25:07 --> Error connecting to the database: No connection could be made because the target machine actively refused it.

CRITICAL - 2022-04-18 11:25:07 --> Unable to connect to the database.
Main connection [MySQLi]: No connection could be made because the target machine actively refused it.

#0 C:\xampp\htdocs\ino\system\Database\BaseConnection.php(577): CodeIgniter\Database\BaseConnection->initialize()
#1 C:\xampp\htdocs\ino\system\Database\BaseBuilder.php(1455): CodeIgniter\Database\BaseConnection->query('SELECT *\nFROM `...', Array, false)
#2 C:\xampp\htdocs\ino\system\Model.php(142): CodeIgniter\Database\BaseBuilder->get()
#3 C:\xampp\htdocs\ino\system\BaseModel.php(523): CodeIgniter\Model->doFind(true, 'admin')
#4 C:\xampp\htdocs\ino\app\Controllers\Login.php(54): CodeIgniter\BaseModel->find('admin')
#5 C:\xampp\htdocs\ino\system\CodeIgniter.php(832): App\Controllers\Login->cekUser()
#6 C:\xampp\htdocs\ino\system\CodeIgniter.php(419): CodeIgniter\CodeIgniter->runController(Object(App\Controllers\Login))
#7 C:\xampp\htdocs\ino\system\CodeIgniter.php(326): CodeIgniter\CodeIgniter->handleRequest(NULL, Object(Config\Cache), false)
#8 C:\xampp\htdocs\ino\public\index.php(37): CodeIgniter\CodeIgniter->run()
#9 C:\xampp\htdocs\ino\system\Commands\Server\rewrite.php(43): require_once('C:\\xampp\\htdocs...')
#10 {main}
CRITICAL - 2022-04-18 11:55:56 --> Undefined variable: kategori
#0 C:\xampp\htdocs\ino\app\Views\main\layout.php(98): CodeIgniter\Debug\Exceptions->errorHandler(8, 'Undefined varia...', 'C:\\xampp\\htdocs...', 98, Array)
#1 C:\xampp\htdocs\ino\system\View\View.php(210): include('C:\\xampp\\htdocs...')
#2 C:\xampp\htdocs\ino\system\View\View.php(213): CodeIgniter\View\View->CodeIgniter\View\{closure}()
#3 C:\xampp\htdocs\ino\system\Common.php(1089): CodeIgniter\View\View->render('main/layout', Array, true)
#4 C:\xampp\htdocs\ino\app\Controllers\Main.php(15): view('main/layout', Array)
#5 C:\xampp\htdocs\ino\system\CodeIgniter.php(832): App\Controllers\Main->index()
#6 C:\xampp\htdocs\ino\system\CodeIgniter.php(419): CodeIgniter\CodeIgniter->runController(Object(App\Controllers\Main))
#7 C:\xampp\htdocs\ino\system\CodeIgniter.php(326): CodeIgniter\CodeIgniter->handleRequest(NULL, Object(Config\Cache), false)
#8 C:\xampp\htdocs\ino\public\index.php(37): CodeIgniter\CodeIgniter->run()
#9 C:\xampp\htdocs\ino\system\Commands\Server\rewrite.php(43): require_once('C:\\xampp\\htdocs...')
#10 {main}
ERROR - 2022-04-18 13:15:25 --> Table 'levels' already exists
ERROR - 2022-04-18 13:17:02 --> Table 'levels' already exists
ERROR - 2022-04-18 13:17:55 --> You have an error in your SQL syntax; check the manual that corresponds to your MariaDB server version for the right syntax to use near 'UNSIGNED NOT NULL,
	`usernama` varchar(100) NOT NULL,
	`userpassword` varchar...' at line 2
ERROR - 2022-04-18 13:20:24 --> You have an error in your SQL syntax; check the manual that corresponds to your MariaDB server version for the right syntax to use near 'UNSIGNED NOT NULL,
	`usernama` varchar(100) NOT NULL,
	`userpassword` varchar...' at line 2
ERROR - 2022-04-18 13:21:55 --> You have an error in your SQL syntax; check the manual that corresponds to your MariaDB server version for the right syntax to use near 'UNSIGNED NOT NULL,
	`usernama` varchar(100) NOT NULL,
	`userpassword` varchar...' at line 2
ERROR - 2022-04-18 14:03:48 --> You have an error in your SQL syntax; check the manual that corresponds to your MariaDB server version for the right syntax to use near 'UNSIGNED NOT NULL,
	`usernama` varchar(100) NOT NULL,
	`userpassword` varchar...' at line 2
ERROR - 2022-04-18 14:04:34 --> You have an error in your SQL syntax; check the manual that corresponds to your MariaDB server version for the right syntax to use near 'UNSIGNED NOT NULL,
	`usernama` varchar(100) NOT NULL,
	`userpassword` varchar...' at line 2
ERROR - 2022-04-18 14:05:18 --> You have an error in your SQL syntax; check the manual that corresponds to your MariaDB server version for the right syntax to use near 'UNSIGNED NOT NULL,
	`usernama` varchar(100) NULL,
	`userpassword` varchar(100...' at line 2
CRITICAL - 2022-04-18 16:47:20 --> Argument 1 passed to CodeIgniter\Database\BaseBuilder::orderBy() must be of the type string, null given, called in C:\xampp\htdocs\ino\app\Models\ModelWilayahPagination.php on line 44
#0 C:\xampp\htdocs\ino\app\Models\ModelWilayahPagination.php(44): CodeIgniter\Database\BaseBuilder->orderBy(NULL, 'asc')
#1 C:\xampp\htdocs\ino\app\Models\ModelWilayahPagination.php(52): App\Models\ModelWilayahPagination->_get_datatables_query()
#2 C:\xampp\htdocs\ino\app\Controllers\Wilayah.php(26): App\Models\ModelWilayahPagination->get_datatables()
#3 C:\xampp\htdocs\ino\system\CodeIgniter.php(832): App\Controllers\Wilayah->listData()
#4 C:\xampp\htdocs\ino\system\CodeIgniter.php(419): CodeIgniter\CodeIgniter->runController(Object(App\Controllers\Wilayah))
#5 C:\xampp\htdocs\ino\system\CodeIgniter.php(326): CodeIgniter\CodeIgniter->handleRequest(NULL, Object(Config\Cache), false)
#6 C:\xampp\htdocs\ino\public\index.php(37): CodeIgniter\CodeIgniter->run()
#7 C:\xampp\htdocs\ino\system\Commands\Server\rewrite.php(43): require_once('C:\\xampp\\htdocs...')
#8 {main}
CRITICAL - 2022-04-18 16:47:38 --> Argument 1 passed to CodeIgniter\Database\BaseBuilder::orderBy() must be of the type string, null given, called in C:\xampp\htdocs\ino\app\Models\ModelWilayahPagination.php on line 44
#0 C:\xampp\htdocs\ino\app\Models\ModelWilayahPagination.php(44): CodeIgniter\Database\BaseBuilder->orderBy(NULL, 'asc')
#1 C:\xampp\htdocs\ino\app\Models\ModelWilayahPagination.php(52): App\Models\ModelWilayahPagination->_get_datatables_query()
#2 C:\xampp\htdocs\ino\app\Controllers\Wilayah.php(26): App\Models\ModelWilayahPagination->get_datatables()
#3 C:\xampp\htdocs\ino\system\CodeIgniter.php(832): App\Controllers\Wilayah->listData()
#4 C:\xampp\htdocs\ino\system\CodeIgniter.php(419): CodeIgniter\CodeIgniter->runController(Object(App\Controllers\Wilayah))
#5 C:\xampp\htdocs\ino\system\CodeIgniter.php(326): CodeIgniter\CodeIgniter->handleRequest(NULL, Object(Config\Cache), false)
#6 C:\xampp\htdocs\ino\public\index.php(37): CodeIgniter\CodeIgniter->run()
#7 C:\xampp\htdocs\ino\system\Commands\Server\rewrite.php(43): require_once('C:\\xampp\\htdocs...')
#8 {main}
