CRITICAL - 2022-03-23 01:56:26 --> syntax error, unexpected '}', expecting ';'
#0 C:\xampp\htdocs\gudang\system\Router\Router.php(175): CodeIgniter\Router\Router->autoRoute('barangkeluar/da...')
#1 C:\xampp\htdocs\gudang\system\CodeIgniter.php(726): CodeIgniter\Router\Router->handle('barangkeluar/da...')
#2 C:\xampp\htdocs\gudang\system\CodeIgniter.php(368): CodeIgniter\CodeIgniter->tryToRouteIt(Object(CodeIgniter\Router\RouteCollection))
#3 C:\xampp\htdocs\gudang\system\CodeIgniter.php(326): CodeIgniter\CodeIgniter->handleRequest(NULL, Object(Config\Cache), false)
#4 C:\xampp\htdocs\gudang\public\index.php(37): CodeIgniter\CodeIgniter->run()
#5 C:\xampp\htdocs\gudang\system\Commands\Server\rewrite.php(43): require_once('C:\\xampp\\htdocs...')
#6 {main}
CRITICAL - 2022-03-23 01:58:58 --> Undefined variable: cari
#0 C:\xampp\htdocs\gudang\app\Views\barangkeluar\viewdata.php(25): CodeIgniter\Debug\Exceptions->errorHandler(8, 'Undefined varia...', 'C:\\xampp\\htdocs...', 25, Array)
#1 C:\xampp\htdocs\gudang\system\View\View.php(210): include('C:\\xampp\\htdocs...')
#2 C:\xampp\htdocs\gudang\system\View\View.php(213): CodeIgniter\View\View->CodeIgniter\View\{closure}()
#3 C:\xampp\htdocs\gudang\system\Common.php(1089): CodeIgniter\View\View->render('barangkeluar/vi...', Array, true)
#4 C:\xampp\htdocs\gudang\app\Controllers\Barangkeluar.php(15): view('barangkeluar/vi...', Array)
#5 C:\xampp\htdocs\gudang\system\CodeIgniter.php(832): App\Controllers\Barangkeluar->data()
#6 C:\xampp\htdocs\gudang\system\CodeIgniter.php(419): CodeIgniter\CodeIgniter->runController(Object(App\Controllers\Barangkeluar))
#7 C:\xampp\htdocs\gudang\system\CodeIgniter.php(326): CodeIgniter\CodeIgniter->handleRequest(NULL, Object(Config\Cache), false)
#8 C:\xampp\htdocs\gudang\public\index.php(37): CodeIgniter\CodeIgniter->run()
#9 C:\xampp\htdocs\gudang\system\Commands\Server\rewrite.php(43): require_once('C:\\xampp\\htdocs...')
#10 {main}
ERROR - 2022-03-23 04:06:34 --> Table 'dbgudang.modelbarangkeluar' doesn't exist
CRITICAL - 2022-03-23 04:06:34 --> Table 'dbgudang.modelbarangkeluar' doesn't exist
#0 C:\xampp\htdocs\gudang\system\Database\MySQLi\Connection.php(292): mysqli->query('SELECT max(fakt...', 0)
#1 C:\xampp\htdocs\gudang\system\Database\BaseConnection.php(670): CodeIgniter\Database\MySQLi\Connection->execute('SELECT max(fakt...')
#2 C:\xampp\htdocs\gudang\system\Database\BaseConnection.php(598): CodeIgniter\Database\BaseConnection->simpleQuery('SELECT max(fakt...')
#3 C:\xampp\htdocs\gudang\system\Database\BaseBuilder.php(1455): CodeIgniter\Database\BaseConnection->query('SELECT max(fakt...', Array, false)
#4 C:\xampp\htdocs\gudang\system\Model.php(728): CodeIgniter\Database\BaseBuilder->get()
#5 C:\xampp\htdocs\gudang\app\Models\ModelBarangKeluar.php(17): CodeIgniter\Model->__call('get', Array)
#6 C:\xampp\htdocs\gudang\app\Controllers\Barangkeluar.php(15): App\Models\ModelBarangKeluar->noFaktur('2022-03-23')
#7 C:\xampp\htdocs\gudang\app\Controllers\Barangkeluar.php(40): App\Controllers\Barangkeluar->buatFaktur()
#8 C:\xampp\htdocs\gudang\system\CodeIgniter.php(832): App\Controllers\Barangkeluar->input()
#9 C:\xampp\htdocs\gudang\system\CodeIgniter.php(419): CodeIgniter\CodeIgniter->runController(Object(App\Controllers\Barangkeluar))
#10 C:\xampp\htdocs\gudang\system\CodeIgniter.php(326): CodeIgniter\CodeIgniter->handleRequest(NULL, Object(Config\Cache), false)
#11 C:\xampp\htdocs\gudang\public\index.php(37): CodeIgniter\CodeIgniter->run()
#12 C:\xampp\htdocs\gudang\system\Commands\Server\rewrite.php(43): require_once('C:\\xampp\\htdocs...')
#13 {main}
