CRITICAL - 2022-03-17 00:01:31 --> ini_set(): Headers already sent. You cannot change the session module's ini settings at this time
#0 [internal function]: CodeIgniter\Debug\Exceptions->errorHandler(2, 'ini_set(): Head...', 'C:\\xampp\\htdocs...', 71, Array)
#1 C:\xampp\htdocs\gudang\system\Session\Handlers\FileHandler.php(71): ini_set('session.save_pa...', 'C:\\xampp\\htdocs...')
#2 C:\xampp\htdocs\gudang\system\Config\Services.php(570): CodeIgniter\Session\Handlers\FileHandler->__construct(Object(Config\App), '::1')
#3 C:\xampp\htdocs\gudang\system\Config\BaseService.php(248): CodeIgniter\Config\Services::session(Object(Config\App), false)
#4 C:\xampp\htdocs\gudang\system\Config\BaseService.php(189): CodeIgniter\Config\BaseService::__callStatic('session', Array)
#5 C:\xampp\htdocs\gudang\system\Config\Services.php(563): CodeIgniter\Config\BaseService::getSharedInstance('session', NULL)
#6 C:\xampp\htdocs\gudang\system\Config\BaseService.php(248): CodeIgniter\Config\Services::session()
#7 C:\xampp\htdocs\gudang\system\Common.php(901): CodeIgniter\Config\BaseService::__callStatic('session', Array)
#8 C:\xampp\htdocs\gudang\app\Controllers\Barang.php(116): session()
#9 C:\xampp\htdocs\gudang\system\CodeIgniter.php(832): App\Controllers\Barang->simpandata()
#10 C:\xampp\htdocs\gudang\system\CodeIgniter.php(419): CodeIgniter\CodeIgniter->runController(Object(App\Controllers\Barang))
#11 C:\xampp\htdocs\gudang\system\CodeIgniter.php(326): CodeIgniter\CodeIgniter->handleRequest(NULL, Object(Config\Cache), false)
#12 C:\xampp\htdocs\gudang\public\index.php(37): CodeIgniter\CodeIgniter->run()
#13 C:\xampp\htdocs\gudang\system\Commands\Server\rewrite.php(43): require_once('C:\\xampp\\htdocs...')
#14 {main}
CRITICAL - 2022-03-17 00:01:31 --> Uncaught ErrorException: Cannot modify header information - headers already sent by (output started at C:\xampp\htdocs\gudang\app\Config\Events.php:32) in C:\xampp\htdocs\gudang\system\Debug\Exceptions.php:112
Stack trace:
#0 [internal function]: CodeIgniter\Debug\Exceptions->errorHandler(2, 'Cannot modify h...', 'C:\\xampp\\htdocs...', 112, Array)
#1 C:\xampp\htdocs\gudang\system\Debug\Exceptions.php(112): header('HTTP/1.1 500 In...', true, 500)
#2 [internal function]: CodeIgniter\Debug\Exceptions->exceptionHandler(Object(ErrorException))
#3 {main}
  thrown
#0 [internal function]: CodeIgniter\Debug\Exceptions->shutdownHandler()
#1 {main}
CRITICAL - 2022-03-17 00:02:53 --> ini_set(): Headers already sent. You cannot change the session module's ini settings at this time
#0 [internal function]: CodeIgniter\Debug\Exceptions->errorHandler(2, 'ini_set(): Head...', 'C:\\xampp\\htdocs...', 71, Array)
#1 C:\xampp\htdocs\gudang\system\Session\Handlers\FileHandler.php(71): ini_set('session.save_pa...', 'C:\\xampp\\htdocs...')
#2 C:\xampp\htdocs\gudang\system\Config\Services.php(570): CodeIgniter\Session\Handlers\FileHandler->__construct(Object(Config\App), '::1')
#3 C:\xampp\htdocs\gudang\system\Config\BaseService.php(248): CodeIgniter\Config\Services::session(Object(Config\App), false)
#4 C:\xampp\htdocs\gudang\system\Config\BaseService.php(189): CodeIgniter\Config\BaseService::__callStatic('session', Array)
#5 C:\xampp\htdocs\gudang\system\Config\Services.php(563): CodeIgniter\Config\BaseService::getSharedInstance('session', NULL)
#6 C:\xampp\htdocs\gudang\system\Config\BaseService.php(248): CodeIgniter\Config\Services::session()
#7 C:\xampp\htdocs\gudang\system\Common.php(901): CodeIgniter\Config\BaseService::__callStatic('session', Array)
#8 C:\xampp\htdocs\gudang\app\Controllers\Barang.php(116): session()
#9 C:\xampp\htdocs\gudang\system\CodeIgniter.php(832): App\Controllers\Barang->simpandata()
#10 C:\xampp\htdocs\gudang\system\CodeIgniter.php(419): CodeIgniter\CodeIgniter->runController(Object(App\Controllers\Barang))
#11 C:\xampp\htdocs\gudang\system\CodeIgniter.php(326): CodeIgniter\CodeIgniter->handleRequest(NULL, Object(Config\Cache), false)
#12 C:\xampp\htdocs\gudang\public\index.php(37): CodeIgniter\CodeIgniter->run()
#13 C:\xampp\htdocs\gudang\system\Commands\Server\rewrite.php(43): require_once('C:\\xampp\\htdocs...')
#14 {main}
CRITICAL - 2022-03-17 00:02:53 --> Uncaught ErrorException: Cannot modify header information - headers already sent by (output started at C:\xampp\htdocs\gudang\app\Config\Events.php:32) in C:\xampp\htdocs\gudang\system\Debug\Exceptions.php:112
Stack trace:
#0 [internal function]: CodeIgniter\Debug\Exceptions->errorHandler(2, 'Cannot modify h...', 'C:\\xampp\\htdocs...', 112, Array)
#1 C:\xampp\htdocs\gudang\system\Debug\Exceptions.php(112): header('HTTP/1.1 500 In...', true, 500)
#2 [internal function]: CodeIgniter\Debug\Exceptions->exceptionHandler(Object(ErrorException))
#3 {main}
  thrown
#0 [internal function]: CodeIgniter\Debug\Exceptions->shutdownHandler()
#1 {main}
CRITICAL - 2022-03-17 07:22:08 --> The framework needs the following extension(s) installed and loaded: intl.
#0 C:\xampp\htdocs\gudang\system\CodeIgniter.php(219): CodeIgniter\Exceptions\FrameworkException::forMissingExtension('intl')
#1 C:\xampp\htdocs\gudang\system\CodeIgniter.php(177): CodeIgniter\CodeIgniter->resolvePlatformExtensions()
#2 C:\xampp\htdocs\gudang\system\bootstrap.php(146): CodeIgniter\CodeIgniter->initialize()
#3 C:\xampp\htdocs\gudang\spark(45): require('C:\\xampp\\htdocs...')
#4 {main}
CRITICAL - 2022-03-17 07:22:53 --> The framework needs the following extension(s) installed and loaded: intl.
#0 C:\xampp\htdocs\gudang\system\CodeIgniter.php(219): CodeIgniter\Exceptions\FrameworkException::forMissingExtension('intl')
#1 C:\xampp\htdocs\gudang\system\CodeIgniter.php(177): CodeIgniter\CodeIgniter->resolvePlatformExtensions()
#2 C:\xampp\htdocs\gudang\system\bootstrap.php(146): CodeIgniter\CodeIgniter->initialize()
#3 C:\xampp\htdocs\gudang\spark(45): require('C:\\xampp\\htdocs...')
#4 {main}
ERROR - 2022-03-17 01:25:21 --> Error connecting to the database: Unknown database 'dbgudang'
ERROR - 2022-03-17 01:25:21 --> Error connecting to the database: Unknown database 'dbgudang'
CRITICAL - 2022-03-17 01:40:19 --> syntax error, unexpected '}'
#0 C:\xampp\htdocs\gudang\system\Router\Router.php(175): CodeIgniter\Router\Router->autoRoute('barang/formtamb...')
#1 C:\xampp\htdocs\gudang\system\CodeIgniter.php(726): CodeIgniter\Router\Router->handle('barang/formtamb...')
#2 C:\xampp\htdocs\gudang\system\CodeIgniter.php(368): CodeIgniter\CodeIgniter->tryToRouteIt(Object(CodeIgniter\Router\RouteCollection))
#3 C:\xampp\htdocs\gudang\system\CodeIgniter.php(326): CodeIgniter\CodeIgniter->handleRequest(NULL, Object(Config\Cache), false)
#4 C:\xampp\htdocs\gudang\public\index.php(37): CodeIgniter\CodeIgniter->run()
#5 C:\xampp\htdocs\gudang\system\Commands\Server\rewrite.php(43): require_once('C:\\xampp\\htdocs...')
#6 {main}
CRITICAL - 2022-03-17 01:41:42 --> syntax error, unexpected '=', expecting ']'
#0 C:\xampp\htdocs\gudang\system\Router\Router.php(175): CodeIgniter\Router\Router->autoRoute('barang/formtamb...')
#1 C:\xampp\htdocs\gudang\system\CodeIgniter.php(726): CodeIgniter\Router\Router->handle('barang/formtamb...')
#2 C:\xampp\htdocs\gudang\system\CodeIgniter.php(368): CodeIgniter\CodeIgniter->tryToRouteIt(Object(CodeIgniter\Router\RouteCollection))
#3 C:\xampp\htdocs\gudang\system\CodeIgniter.php(326): CodeIgniter\CodeIgniter->handleRequest(NULL, Object(Config\Cache), false)
#4 C:\xampp\htdocs\gudang\public\index.php(37): CodeIgniter\CodeIgniter->run()
#5 C:\xampp\htdocs\gudang\system\Commands\Server\rewrite.php(43): require_once('C:\\xampp\\htdocs...')
#6 {main}
CRITICAL - 2022-03-17 01:42:19 --> syntax error, unexpected '=', expecting ']'
#0 C:\xampp\htdocs\gudang\system\Router\Router.php(175): CodeIgniter\Router\Router->autoRoute('barang/formtamb...')
#1 C:\xampp\htdocs\gudang\system\CodeIgniter.php(726): CodeIgniter\Router\Router->handle('barang/formtamb...')
#2 C:\xampp\htdocs\gudang\system\CodeIgniter.php(368): CodeIgniter\CodeIgniter->tryToRouteIt(Object(CodeIgniter\Router\RouteCollection))
#3 C:\xampp\htdocs\gudang\system\CodeIgniter.php(326): CodeIgniter\CodeIgniter->handleRequest(NULL, Object(Config\Cache), false)
#4 C:\xampp\htdocs\gudang\public\index.php(37): CodeIgniter\CodeIgniter->run()
#5 C:\xampp\htdocs\gudang\system\Commands\Server\rewrite.php(43): require_once('C:\\xampp\\htdocs...')
#6 {main}
ERROR - 2022-03-17 01:44:00 --> Cannot add or update a child row: a foreign key constraint fails (`dbgudang`.`barang`, CONSTRAINT `barang_brgkatid_foreign` FOREIGN KEY (`brgkatid`) REFERENCES `kategori` (`katid`))
CRITICAL - 2022-03-17 01:44:00 --> Cannot add or update a child row: a foreign key constraint fails (`dbgudang`.`barang`, CONSTRAINT `barang_brgkatid_foreign` FOREIGN KEY (`brgkatid`) REFERENCES `kategori` (`katid`))
#0 C:\xampp\htdocs\gudang\system\Database\MySQLi\Connection.php(292): mysqli->query('INSERT INTO `ba...', 0)
#1 C:\xampp\htdocs\gudang\system\Database\BaseConnection.php(670): CodeIgniter\Database\MySQLi\Connection->execute('INSERT INTO `ba...')
#2 C:\xampp\htdocs\gudang\system\Database\BaseConnection.php(598): CodeIgniter\Database\BaseConnection->simpleQuery('INSERT INTO `ba...')
#3 C:\xampp\htdocs\gudang\system\Database\BaseBuilder.php(1771): CodeIgniter\Database\BaseConnection->query('INSERT INTO `ba...', Array, false)
#4 C:\xampp\htdocs\gudang\system\Model.php(239): CodeIgniter\Database\BaseBuilder->insert()
#5 C:\xampp\htdocs\gudang\system\BaseModel.php(738): CodeIgniter\Model->doInsert(Array)
#6 C:\xampp\htdocs\gudang\system\Model.php(625): CodeIgniter\BaseModel->insert(Array, true)
#7 C:\xampp\htdocs\gudang\app\Controllers\Barang.php(137): CodeIgniter\Model->insert(Array)
#8 C:\xampp\htdocs\gudang\system\CodeIgniter.php(832): App\Controllers\Barang->simpandata()
#9 C:\xampp\htdocs\gudang\system\CodeIgniter.php(419): CodeIgniter\CodeIgniter->runController(Object(App\Controllers\Barang))
#10 C:\xampp\htdocs\gudang\system\CodeIgniter.php(326): CodeIgniter\CodeIgniter->handleRequest(NULL, Object(Config\Cache), false)
#11 C:\xampp\htdocs\gudang\public\index.php(37): CodeIgniter\CodeIgniter->run()
#12 C:\xampp\htdocs\gudang\system\Commands\Server\rewrite.php(43): require_once('C:\\xampp\\htdocs...')
#13 {main}
ERROR - 2022-03-17 01:46:35 --> Cannot add or update a child row: a foreign key constraint fails (`dbgudang`.`barang`, CONSTRAINT `barang_brgkatid_foreign` FOREIGN KEY (`brgkatid`) REFERENCES `kategori` (`katid`))
CRITICAL - 2022-03-17 01:46:35 --> Cannot add or update a child row: a foreign key constraint fails (`dbgudang`.`barang`, CONSTRAINT `barang_brgkatid_foreign` FOREIGN KEY (`brgkatid`) REFERENCES `kategori` (`katid`))
#0 C:\xampp\htdocs\gudang\system\Database\MySQLi\Connection.php(292): mysqli->query('INSERT INTO `ba...', 0)
#1 C:\xampp\htdocs\gudang\system\Database\BaseConnection.php(670): CodeIgniter\Database\MySQLi\Connection->execute('INSERT INTO `ba...')
#2 C:\xampp\htdocs\gudang\system\Database\BaseConnection.php(598): CodeIgniter\Database\BaseConnection->simpleQuery('INSERT INTO `ba...')
#3 C:\xampp\htdocs\gudang\system\Database\BaseBuilder.php(1771): CodeIgniter\Database\BaseConnection->query('INSERT INTO `ba...', Array, false)
#4 C:\xampp\htdocs\gudang\system\Model.php(239): CodeIgniter\Database\BaseBuilder->insert()
#5 C:\xampp\htdocs\gudang\system\BaseModel.php(738): CodeIgniter\Model->doInsert(Array)
#6 C:\xampp\htdocs\gudang\system\Model.php(625): CodeIgniter\BaseModel->insert(Array, true)
#7 C:\xampp\htdocs\gudang\app\Controllers\Barang.php(137): CodeIgniter\Model->insert(Array)
#8 C:\xampp\htdocs\gudang\system\CodeIgniter.php(832): App\Controllers\Barang->simpandata()
#9 C:\xampp\htdocs\gudang\system\CodeIgniter.php(419): CodeIgniter\CodeIgniter->runController(Object(App\Controllers\Barang))
#10 C:\xampp\htdocs\gudang\system\CodeIgniter.php(326): CodeIgniter\CodeIgniter->handleRequest(NULL, Object(Config\Cache), false)
#11 C:\xampp\htdocs\gudang\public\index.php(37): CodeIgniter\CodeIgniter->run()
#12 C:\xampp\htdocs\gudang\system\Commands\Server\rewrite.php(43): require_once('C:\\xampp\\htdocs...')
#13 {main}
ERROR - 2022-03-17 01:48:41 --> Cannot add or update a child row: a foreign key constraint fails (`dbgudang`.`barang`, CONSTRAINT `barang_brgkatid_foreign` FOREIGN KEY (`brgkatid`) REFERENCES `kategori` (`katid`))
CRITICAL - 2022-03-17 01:48:41 --> Cannot add or update a child row: a foreign key constraint fails (`dbgudang`.`barang`, CONSTRAINT `barang_brgkatid_foreign` FOREIGN KEY (`brgkatid`) REFERENCES `kategori` (`katid`))
#0 C:\xampp\htdocs\gudang\system\Database\MySQLi\Connection.php(292): mysqli->query('INSERT INTO `ba...', 0)
#1 C:\xampp\htdocs\gudang\system\Database\BaseConnection.php(670): CodeIgniter\Database\MySQLi\Connection->execute('INSERT INTO `ba...')
#2 C:\xampp\htdocs\gudang\system\Database\BaseConnection.php(598): CodeIgniter\Database\BaseConnection->simpleQuery('INSERT INTO `ba...')
#3 C:\xampp\htdocs\gudang\system\Database\BaseBuilder.php(1771): CodeIgniter\Database\BaseConnection->query('INSERT INTO `ba...', Array, false)
#4 C:\xampp\htdocs\gudang\system\Model.php(239): CodeIgniter\Database\BaseBuilder->insert()
#5 C:\xampp\htdocs\gudang\system\BaseModel.php(738): CodeIgniter\Model->doInsert(Array)
#6 C:\xampp\htdocs\gudang\system\Model.php(625): CodeIgniter\BaseModel->insert(Array, true)
#7 C:\xampp\htdocs\gudang\app\Controllers\Barang.php(137): CodeIgniter\Model->insert(Array)
#8 C:\xampp\htdocs\gudang\system\CodeIgniter.php(832): App\Controllers\Barang->simpandata()
#9 C:\xampp\htdocs\gudang\system\CodeIgniter.php(419): CodeIgniter\CodeIgniter->runController(Object(App\Controllers\Barang))
#10 C:\xampp\htdocs\gudang\system\CodeIgniter.php(326): CodeIgniter\CodeIgniter->handleRequest(NULL, Object(Config\Cache), false)
#11 C:\xampp\htdocs\gudang\public\index.php(37): CodeIgniter\CodeIgniter->run()
#12 C:\xampp\htdocs\gudang\system\Commands\Server\rewrite.php(43): require_once('C:\\xampp\\htdocs...')
#13 {main}
CRITICAL - 2022-03-17 02:04:55 --> Undefined variable: kode
#0 C:\xampp\htdocs\gudang\app\Controllers\Barang.php(155): CodeIgniter\Debug\Exceptions->errorHandler(8, 'Undefined varia...', 'C:\\xampp\\htdocs...', 155, Array)
#1 C:\xampp\htdocs\gudang\system\CodeIgniter.php(832): App\Controllers\Barang->formedit('pb002')
#2 C:\xampp\htdocs\gudang\system\CodeIgniter.php(419): CodeIgniter\CodeIgniter->runController(Object(App\Controllers\Barang))
#3 C:\xampp\htdocs\gudang\system\CodeIgniter.php(326): CodeIgniter\CodeIgniter->handleRequest(NULL, Object(Config\Cache), false)
#4 C:\xampp\htdocs\gudang\public\index.php(37): CodeIgniter\CodeIgniter->run()
#5 C:\xampp\htdocs\gudang\system\Commands\Server\rewrite.php(43): require_once('C:\\xampp\\htdocs...')
#6 {main}
CRITICAL - 2022-03-17 05:28:52 --> Undefined variable: cekData
#0 C:\xampp\htdocs\gudang\app\Controllers\Barang.php(293): CodeIgniter\Debug\Exceptions->errorHandler(8, 'Undefined varia...', 'C:\\xampp\\htdocs...', 293, Array)
#1 C:\xampp\htdocs\gudang\system\CodeIgniter.php(832): App\Controllers\Barang->hapus('pb001')
#2 C:\xampp\htdocs\gudang\system\CodeIgniter.php(419): CodeIgniter\CodeIgniter->runController(Object(App\Controllers\Barang))
#3 C:\xampp\htdocs\gudang\system\CodeIgniter.php(326): CodeIgniter\CodeIgniter->handleRequest(NULL, Object(Config\Cache), false)
#4 C:\xampp\htdocs\gudang\public\index.php(37): CodeIgniter\CodeIgniter->run()
#5 C:\xampp\htdocs\gudang\system\Commands\Server\rewrite.php(43): require_once('C:\\xampp\\htdocs...')
#6 {main}
CRITICAL - 2022-03-17 05:30:09 --> unlink(pb001.jpg): No such file or directory
#0 [internal function]: CodeIgniter\Debug\Exceptions->errorHandler(2, 'unlink(pb001.jp...', 'C:\\xampp\\htdocs...', 299, Array)
#1 C:\xampp\htdocs\gudang\app\Controllers\Barang.php(299): unlink('pb001.jpg')
#2 C:\xampp\htdocs\gudang\system\CodeIgniter.php(832): App\Controllers\Barang->hapus('pb001')
#3 C:\xampp\htdocs\gudang\system\CodeIgniter.php(419): CodeIgniter\CodeIgniter->runController(Object(App\Controllers\Barang))
#4 C:\xampp\htdocs\gudang\system\CodeIgniter.php(326): CodeIgniter\CodeIgniter->handleRequest(NULL, Object(Config\Cache), false)
#5 C:\xampp\htdocs\gudang\public\index.php(37): CodeIgniter\CodeIgniter->run()
#6 C:\xampp\htdocs\gudang\system\Commands\Server\rewrite.php(43): require_once('C:\\xampp\\htdocs...')
#7 {main}
CRITICAL - 2022-03-17 05:32:57 --> Undefined variable: gambar
#0 C:\xampp\htdocs\gudang\app\Controllers\Barang.php(256): CodeIgniter\Debug\Exceptions->errorHandler(8, 'Undefined varia...', 'C:\\xampp\\htdocs...', 256, Array)
#1 C:\xampp\htdocs\gudang\system\CodeIgniter.php(832): App\Controllers\Barang->update()
#2 C:\xampp\htdocs\gudang\system\CodeIgniter.php(419): CodeIgniter\CodeIgniter->runController(Object(App\Controllers\Barang))
#3 C:\xampp\htdocs\gudang\system\CodeIgniter.php(326): CodeIgniter\CodeIgniter->handleRequest(NULL, Object(Config\Cache), false)
#4 C:\xampp\htdocs\gudang\public\index.php(37): CodeIgniter\CodeIgniter->run()
#5 C:\xampp\htdocs\gudang\system\Commands\Server\rewrite.php(43): require_once('C:\\xampp\\htdocs...')
#6 {main}
CRITICAL - 2022-03-17 05:44:08 --> Undefined variable: pathGambar
#0 C:\xampp\htdocs\gudang\app\Controllers\Barang.php(136): CodeIgniter\Debug\Exceptions->errorHandler(8, 'Undefined varia...', 'C:\\xampp\\htdocs...', 136, Array)
#1 C:\xampp\htdocs\gudang\system\CodeIgniter.php(832): App\Controllers\Barang->simpandata()
#2 C:\xampp\htdocs\gudang\system\CodeIgniter.php(419): CodeIgniter\CodeIgniter->runController(Object(App\Controllers\Barang))
#3 C:\xampp\htdocs\gudang\system\CodeIgniter.php(326): CodeIgniter\CodeIgniter->handleRequest(NULL, Object(Config\Cache), false)
#4 C:\xampp\htdocs\gudang\public\index.php(37): CodeIgniter\CodeIgniter->run()
#5 C:\xampp\htdocs\gudang\system\Commands\Server\rewrite.php(43): require_once('C:\\xampp\\htdocs...')
#6 {main}
CRITICAL - 2022-03-17 05:45:52 --> Undefined variable: pathGambar
#0 C:\xampp\htdocs\gudang\app\Controllers\Barang.php(278): CodeIgniter\Debug\Exceptions->errorHandler(8, 'Undefined varia...', 'C:\\xampp\\htdocs...', 278, Array)
#1 C:\xampp\htdocs\gudang\system\CodeIgniter.php(832): App\Controllers\Barang->update()
#2 C:\xampp\htdocs\gudang\system\CodeIgniter.php(419): CodeIgniter\CodeIgniter->runController(Object(App\Controllers\Barang))
#3 C:\xampp\htdocs\gudang\system\CodeIgniter.php(326): CodeIgniter\CodeIgniter->handleRequest(NULL, Object(Config\Cache), false)
#4 C:\xampp\htdocs\gudang\public\index.php(37): CodeIgniter\CodeIgniter->run()
#5 C:\xampp\htdocs\gudang\system\Commands\Server\rewrite.php(43): require_once('C:\\xampp\\htdocs...')
#6 {main}
CRITICAL - 2022-03-17 22:19:46 --> syntax error, unexpected '=', expecting ']'
#0 C:\xampp\htdocs\gudang\system\Router\Router.php(175): CodeIgniter\Router\Router->autoRoute('barangmasuk/ind...')
#1 C:\xampp\htdocs\gudang\system\CodeIgniter.php(726): CodeIgniter\Router\Router->handle('barangmasuk/ind...')
#2 C:\xampp\htdocs\gudang\system\CodeIgniter.php(368): CodeIgniter\CodeIgniter->tryToRouteIt(Object(CodeIgniter\Router\RouteCollection))
#3 C:\xampp\htdocs\gudang\system\CodeIgniter.php(326): CodeIgniter\CodeIgniter->handleRequest(NULL, Object(Config\Cache), false)
#4 C:\xampp\htdocs\gudang\public\index.php(37): CodeIgniter\CodeIgniter->run()
#5 C:\xampp\htdocs\gudang\system\Commands\Server\rewrite.php(43): require_once('C:\\xampp\\htdocs...')
#6 {main}
CRITICAL - 2022-03-17 22:19:59 --> syntax error, unexpected '=', expecting ']'
#0 C:\xampp\htdocs\gudang\system\Router\Router.php(175): CodeIgniter\Router\Router->autoRoute('barangmasuk/ind...')
#1 C:\xampp\htdocs\gudang\system\CodeIgniter.php(726): CodeIgniter\Router\Router->handle('barangmasuk/ind...')
#2 C:\xampp\htdocs\gudang\system\CodeIgniter.php(368): CodeIgniter\CodeIgniter->tryToRouteIt(Object(CodeIgniter\Router\RouteCollection))
#3 C:\xampp\htdocs\gudang\system\CodeIgniter.php(326): CodeIgniter\CodeIgniter->handleRequest(NULL, Object(Config\Cache), false)
#4 C:\xampp\htdocs\gudang\public\index.php(37): CodeIgniter\CodeIgniter->run()
#5 C:\xampp\htdocs\gudang\system\Commands\Server\rewrite.php(43): require_once('C:\\xampp\\htdocs...')
#6 {main}
CRITICAL - 2022-03-17 22:20:36 --> syntax error, unexpected ';', expecting ']'
#0 C:\xampp\htdocs\gudang\system\Router\Router.php(175): CodeIgniter\Router\Router->autoRoute('barangmasuk/ind...')
#1 C:\xampp\htdocs\gudang\system\CodeIgniter.php(726): CodeIgniter\Router\Router->handle('barangmasuk/ind...')
#2 C:\xampp\htdocs\gudang\system\CodeIgniter.php(368): CodeIgniter\CodeIgniter->tryToRouteIt(Object(CodeIgniter\Router\RouteCollection))
#3 C:\xampp\htdocs\gudang\system\CodeIgniter.php(326): CodeIgniter\CodeIgniter->handleRequest(NULL, Object(Config\Cache), false)
#4 C:\xampp\htdocs\gudang\public\index.php(37): CodeIgniter\CodeIgniter->run()
#5 C:\xampp\htdocs\gudang\system\Commands\Server\rewrite.php(43): require_once('C:\\xampp\\htdocs...')
#6 {main}
CRITICAL - 2022-03-17 23:25:21 --> Call to undefined method App\Models\Modeltempbarangmasuk::tampilDataTemp
#0 C:\xampp\htdocs\gudang\app\Controllers\Barangmasuk.php(28): CodeIgniter\Model->__call('tampilDataTemp', Array)
#1 C:\xampp\htdocs\gudang\system\CodeIgniter.php(832): App\Controllers\Barangmasuk->dataTemp()
#2 C:\xampp\htdocs\gudang\system\CodeIgniter.php(419): CodeIgniter\CodeIgniter->runController(Object(App\Controllers\Barangmasuk))
#3 C:\xampp\htdocs\gudang\system\CodeIgniter.php(326): CodeIgniter\CodeIgniter->handleRequest(NULL, Object(Config\Cache), false)
#4 C:\xampp\htdocs\gudang\public\index.php(37): CodeIgniter\CodeIgniter->run()
#5 C:\xampp\htdocs\gudang\system\Commands\Server\rewrite.php(43): require_once('C:\\xampp\\htdocs...')
#6 {main}
CRITICAL - 2022-03-17 23:25:42 --> Call to undefined method App\Models\Modeltempbarangmasuk::tampilDataTemp
#0 C:\xampp\htdocs\gudang\app\Controllers\Barangmasuk.php(28): CodeIgniter\Model->__call('tampilDataTemp', Array)
#1 C:\xampp\htdocs\gudang\system\CodeIgniter.php(832): App\Controllers\Barangmasuk->dataTemp()
#2 C:\xampp\htdocs\gudang\system\CodeIgniter.php(419): CodeIgniter\CodeIgniter->runController(Object(App\Controllers\Barangmasuk))
#3 C:\xampp\htdocs\gudang\system\CodeIgniter.php(326): CodeIgniter\CodeIgniter->handleRequest(NULL, Object(Config\Cache), false)
#4 C:\xampp\htdocs\gudang\public\index.php(37): CodeIgniter\CodeIgniter->run()
#5 C:\xampp\htdocs\gudang\system\Commands\Server\rewrite.php(43): require_once('C:\\xampp\\htdocs...')
#6 {main}
CRITICAL - 2022-03-17 23:26:12 --> Call to undefined method App\Models\Modeltempbarangmasuk::tampilDataTemp
#0 C:\xampp\htdocs\gudang\app\Controllers\Barangmasuk.php(28): CodeIgniter\Model->__call('tampilDataTemp', Array)
#1 C:\xampp\htdocs\gudang\system\CodeIgniter.php(832): App\Controllers\Barangmasuk->dataTemp()
#2 C:\xampp\htdocs\gudang\system\CodeIgniter.php(419): CodeIgniter\CodeIgniter->runController(Object(App\Controllers\Barangmasuk))
#3 C:\xampp\htdocs\gudang\system\CodeIgniter.php(326): CodeIgniter\CodeIgniter->handleRequest(NULL, Object(Config\Cache), false)
#4 C:\xampp\htdocs\gudang\public\index.php(37): CodeIgniter\CodeIgniter->run()
#5 C:\xampp\htdocs\gudang\system\Commands\Server\rewrite.php(43): require_once('C:\\xampp\\htdocs...')
#6 {main}
CRITICAL - 2022-03-17 23:27:12 --> Call to undefined method App\Models\Modeltempbarangmasuk::tampilDataTemp
#0 C:\xampp\htdocs\gudang\app\Controllers\Barangmasuk.php(28): CodeIgniter\Model->__call('tampilDataTemp', Array)
#1 C:\xampp\htdocs\gudang\system\CodeIgniter.php(832): App\Controllers\Barangmasuk->dataTemp()
#2 C:\xampp\htdocs\gudang\system\CodeIgniter.php(419): CodeIgniter\CodeIgniter->runController(Object(App\Controllers\Barangmasuk))
#3 C:\xampp\htdocs\gudang\system\CodeIgniter.php(326): CodeIgniter\CodeIgniter->handleRequest(NULL, Object(Config\Cache), false)
#4 C:\xampp\htdocs\gudang\public\index.php(37): CodeIgniter\CodeIgniter->run()
#5 C:\xampp\htdocs\gudang\system\Commands\Server\rewrite.php(43): require_once('C:\\xampp\\htdocs...')
#6 {main}
